<?xml version="1.0" encoding="UTF-8"?>
<!-- Generated by org.testng.reporters.JUnitXMLReporter -->
<testsuite ignored="0" hostname="LAPTOP-9DKIROKI" failures="0" tests="10" name="Default test" time="111.823" errors="0" timestamp="2021-01-27T09:21:18 CST">
  <testcase classname="Project1ProgressiveInsurance.ProgressiveAutomationTest" name="AutoPage" time="3.416"/>
  <testcase classname="Project1ProgressiveInsurance.ProgressiveAutomationTest" name="ZCodePage" time="4.181"/>
  <testcase classname="Project1ProgressiveInsurance.ProgressiveAutomationTest" name="CustomerInformation1" time="29.254"/>
  <testcase classname="Project1ProgressiveInsurance.ProgressiveAutomationTest" name="VehiclePage" time="37.916"/>
  <testcase classname="Project1ProgressiveInsurance.ProgressiveAutomationTest" name="DriversInformation" time="23.634"/>
  <testcase classname="Project1ProgressiveInsurance.ProgressiveAutomationTest" name="DriversQuote" time="0.064"/>
  <testcase classname="Project1ProgressiveInsurance.ProgressiveAutomationTest" name="VerifyDriverInformation" time="0.039"/>
  <testcase classname="Project1ProgressiveInsurance.ProgressiveAutomationTest" name="HistoryofInsurance" time="0.031"/>
  <testcase classname="Project1ProgressiveInsurance.ProgressiveAutomationTest" name="snapshot" time="0.019"/>
  <testcase classname="Project1ProgressiveInsurance.ProgressiveAutomationTest" name="ContinueAuto" time="2.529"/>
</testsuite> <!-- Default test -->
