<?xml version="1.0" encoding="UTF-8"?>
<!-- Generated by org.testng.reporters.JUnitXMLReporter -->
<testsuite ignored="0" hostname="LAPTOP-9DKIROKI" failures="0" tests="11" name="Test" time="95.688" errors="0" timestamp="2021-01-28T19:02:26 CST">
  <testcase classname="Project1ProgressiveInsurance.ProgressiveAutomationTest" name="AutoPage" time="3.595"/>
  <testcase classname="Project1ProgressiveInsurance.ProgressiveAutomationTest" name="ZCodePage" time="4.218"/>
  <testcase classname="GooGlePageTest.GoogleHomePageTest" name="GoogleSearch" time="13.89"/>
  <testcase classname="Project1ProgressiveInsurance.ProgressiveAutomationTest" name="CustomerInformation1" time="29.434"/>
  <testcase classname="Project1ProgressiveInsurance.ProgressiveAutomationTest" name="VehiclePage" time="35.91"/>
  <testcase classname="Project1ProgressiveInsurance.ProgressiveAutomationTest" name="DriversInformation" time="0.028"/>
  <testcase classname="Project1ProgressiveInsurance.ProgressiveAutomationTest" name="DriversQuote" time="2.112"/>
  <testcase classname="Project1ProgressiveInsurance.ProgressiveAutomationTest" name="VerifyDriverInformation" time="3.123"/>
  <testcase classname="Project1ProgressiveInsurance.ProgressiveAutomationTest" name="HistoryofInsurance" time="0.021"/>
  <testcase classname="Project1ProgressiveInsurance.ProgressiveAutomationTest" name="snapshot" time="0.02"/>
  <testcase classname="Project1ProgressiveInsurance.ProgressiveAutomationTest" name="ContinueAuto" time="2.678"/>
</testsuite> <!-- Test -->
