<?xml version="1.0" encoding="UTF-8"?>
<testng-results ignored="0" total="11" passed="11" failed="0" skipped="0">
  <reporter-output>
  </reporter-output>
  <suite started-at="2021-01-28T19:00:51 CST" name="Suite" finished-at="2021-01-28T19:02:26 CST" duration-ms="95688">
    <groups>
    </groups>
    <test started-at="2021-01-28T19:00:51 CST" name="Test" finished-at="2021-01-28T19:02:26 CST" duration-ms="95688">
      <class name="Project1ProgressiveInsurance.ProgressiveAutomationTest">
        <test-method is-config="true" signature="invokebrowser()[pri:0, instance:Project1ProgressiveInsurance.ProgressiveAutomationTest@5562c41e]" started-at="2021-01-28T19:00:55 CST" name="invokebrowser" finished-at="2021-01-28T19:01:05 CST" duration-ms="10264" status="PASS">
          <reporter-output>
          </reporter-output>
        </test-method> <!-- invokebrowser -->
        <test-method signature="AutoPage()[pri:1, instance:Project1ProgressiveInsurance.ProgressiveAutomationTest@5562c41e]" started-at="2021-01-28T19:01:05 CST" name="AutoPage" finished-at="2021-01-28T19:01:09 CST" duration-ms="3595" status="PASS">
          <reporter-output>
          </reporter-output>
        </test-method> <!-- AutoPage -->
        <test-method signature="ZCodePage()[pri:2, instance:Project1ProgressiveInsurance.ProgressiveAutomationTest@5562c41e]" started-at="2021-01-28T19:01:09 CST" name="ZCodePage" finished-at="2021-01-28T19:01:13 CST" duration-ms="4218" status="PASS">
          <reporter-output>
          </reporter-output>
        </test-method> <!-- ZCodePage -->
        <test-method signature="CustomerInformation1()[pri:3, instance:Project1ProgressiveInsurance.ProgressiveAutomationTest@5562c41e]" started-at="2021-01-28T19:01:13 CST" name="CustomerInformation1" finished-at="2021-01-28T19:01:42 CST" duration-ms="29434" status="PASS">
          <reporter-output>
          </reporter-output>
        </test-method> <!-- CustomerInformation1 -->
        <test-method signature="VehiclePage()[pri:4, instance:Project1ProgressiveInsurance.ProgressiveAutomationTest@5562c41e]" started-at="2021-01-28T19:01:42 CST" name="VehiclePage" finished-at="2021-01-28T19:02:18 CST" duration-ms="35910" status="PASS">
          <reporter-output>
          </reporter-output>
        </test-method> <!-- VehiclePage -->
        <test-method signature="DriversInformation()[pri:5, instance:Project1ProgressiveInsurance.ProgressiveAutomationTest@5562c41e]" started-at="2021-01-28T19:02:18 CST" name="DriversInformation" finished-at="2021-01-28T19:02:18 CST" duration-ms="28" status="PASS">
          <reporter-output>
          </reporter-output>
        </test-method> <!-- DriversInformation -->
        <test-method signature="DriversQuote()[pri:6, instance:Project1ProgressiveInsurance.ProgressiveAutomationTest@5562c41e]" started-at="2021-01-28T19:02:18 CST" name="DriversQuote" finished-at="2021-01-28T19:02:20 CST" duration-ms="2112" status="PASS">
          <reporter-output>
          </reporter-output>
        </test-method> <!-- DriversQuote -->
        <test-method signature="VerifyDriverInformation()[pri:7, instance:Project1ProgressiveInsurance.ProgressiveAutomationTest@5562c41e]" started-at="2021-01-28T19:02:20 CST" name="VerifyDriverInformation" finished-at="2021-01-28T19:02:24 CST" duration-ms="3123" status="PASS">
          <reporter-output>
          </reporter-output>
        </test-method> <!-- VerifyDriverInformation -->
        <test-method signature="HistoryofInsurance()[pri:8, instance:Project1ProgressiveInsurance.ProgressiveAutomationTest@5562c41e]" started-at="2021-01-28T19:02:24 CST" name="HistoryofInsurance" finished-at="2021-01-28T19:02:24 CST" duration-ms="21" status="PASS">
          <reporter-output>
          </reporter-output>
        </test-method> <!-- HistoryofInsurance -->
        <test-method signature="snapshot()[pri:9, instance:Project1ProgressiveInsurance.ProgressiveAutomationTest@5562c41e]" started-at="2021-01-28T19:02:24 CST" name="snapshot" finished-at="2021-01-28T19:02:24 CST" duration-ms="20" status="PASS">
          <reporter-output>
          </reporter-output>
        </test-method> <!-- snapshot -->
        <test-method signature="ContinueAuto()[pri:10, instance:Project1ProgressiveInsurance.ProgressiveAutomationTest@5562c41e]" started-at="2021-01-28T19:02:24 CST" name="ContinueAuto" finished-at="2021-01-28T19:02:26 CST" duration-ms="2678" status="PASS">
          <reporter-output>
          </reporter-output>
        </test-method> <!-- ContinueAuto -->
        <test-method is-config="true" signature="terminatebrowser()[pri:0, instance:Project1ProgressiveInsurance.ProgressiveAutomationTest@5562c41e]" started-at="2021-01-28T19:02:26 CST" name="terminatebrowser" finished-at="2021-01-28T19:02:26 CST" duration-ms="0" status="PASS">
          <reporter-output>
          </reporter-output>
        </test-method> <!-- terminatebrowser -->
      </class> <!-- Project1ProgressiveInsurance.ProgressiveAutomationTest -->
      <class name="GooGlePageTest.GoogleHomePageTest">
        <test-method is-config="true" signature="BeforeTest()[pri:0, instance:GooGlePageTest.GoogleHomePageTest@32ee6fee]" started-at="2021-01-28T19:00:51 CST" name="BeforeTest" finished-at="2021-01-28T19:00:55 CST" duration-ms="4230" status="PASS">
          <reporter-output>
          </reporter-output>
        </test-method> <!-- BeforeTest -->
        <test-method signature="GoogleSearch()[pri:0, instance:GooGlePageTest.GoogleHomePageTest@32ee6fee]" started-at="2021-01-28T19:01:05 CST" name="GoogleSearch" finished-at="2021-01-28T19:01:19 CST" duration-ms="13890" status="PASS">
          <reporter-output>
          </reporter-output>
        </test-method> <!-- GoogleSearch -->
        <test-method is-config="true" signature="AfterTest()[pri:0, instance:GooGlePageTest.GoogleHomePageTest@32ee6fee]" started-at="2021-01-28T19:02:26 CST" name="AfterTest" finished-at="2021-01-28T19:02:26 CST" duration-ms="1" status="PASS">
          <reporter-output>
          </reporter-output>
        </test-method> <!-- AfterTest -->
      </class> <!-- GooGlePageTest.GoogleHomePageTest -->
    </test> <!-- Test -->
  </suite> <!-- Suite -->
</testng-results>
